2020-08-09 20:50:30.161 [main] [:] INFO  com.druid.demo.DemoApplication - Starting DemoApplication on localhost.localdomain with PID 8537 (/data/springboot2f/druid/target/classes started by liuhongdi in /data/springboot2f/druid) 
2020-08-09 20:50:30.169 [main] [:] INFO  com.druid.demo.DemoApplication - No active profile set, falling back to default profiles: default 
2020-08-09 20:50:31.262 [main] [:] INFO  org.springframework.boot.web.embedded.tomcat.TomcatWebServer - Tomcat initialized with port(s): 8080 (http) 
2020-08-09 20:50:31.271 [main] [:] INFO  org.apache.coyote.http11.Http11NioProtocol - Initializing ProtocolHandler ["http-nio-8080"] 
2020-08-09 20:50:31.273 [main] [:] INFO  org.apache.catalina.core.StandardService - Starting service [Tomcat] 
2020-08-09 20:50:31.273 [main] [:] INFO  org.apache.catalina.core.StandardEngine - Starting Servlet engine: [Apache Tomcat/9.0.37] 
2020-08-09 20:50:31.336 [main] [:] INFO  org.apache.catalina.core.ContainerBase.[Tomcat].[localhost].[/] - Initializing Spring embedded WebApplicationContext 
2020-08-09 20:50:31.336 [main] [:] INFO  org.springframework.boot.web.servlet.context.ServletWebServerApplicationContext - Root WebApplicationContext: initialization completed in 1094 ms 
2020-08-09 20:50:31.494 [main] [:] INFO  com.alibaba.druid.spring.boot.autoconfigure.DruidDataSourceAutoConfigure - Init DruidDataSource 
2020-08-09 20:50:32.233 [main] [:] INFO  com.alibaba.druid.pool.DruidDataSource - {dataSource-1} inited 
2020-08-09 20:50:32.483 [main] [:] INFO  org.springframework.scheduling.concurrent.ThreadPoolTaskExecutor - Initializing ExecutorService 'applicationTaskExecutor' 
2020-08-09 20:50:32.727 [main] [:] INFO  org.apache.coyote.http11.Http11NioProtocol - Starting ProtocolHandler ["http-nio-8080"] 
2020-08-09 20:50:32.747 [main] [:] INFO  org.springframework.boot.web.embedded.tomcat.TomcatWebServer - Tomcat started on port(s): 8080 (http) with context path '' 
2020-08-09 20:50:32.760 [main] [:] INFO  com.druid.demo.DemoApplication - Started DemoApplication in 3.408 seconds (JVM running for 5.768) 
2020-08-09 20:51:06.843 [http-nio-8080-exec-4] [:] INFO  org.apache.catalina.core.ContainerBase.[Tomcat].[localhost].[/] - Initializing Spring DispatcherServlet 'dispatcherServlet' 
2020-08-09 20:51:06.843 [http-nio-8080-exec-4] [FrameworkServlet.java:525] INFO  org.springframework.web.servlet.DispatcherServlet - Initializing Servlet 'dispatcherServlet' 
2020-08-09 20:51:06.856 [http-nio-8080-exec-4] [FrameworkServlet.java:547] INFO  org.springframework.web.servlet.DispatcherServlet - Completed initialization in 12 ms 
2020-08-09 20:54:09.847 [SpringContextShutdownHook] [:] INFO  org.springframework.scheduling.concurrent.ThreadPoolTaskExecutor - Shutting down ExecutorService 'applicationTaskExecutor' 
2020-08-09 20:54:09.848 [SpringContextShutdownHook] [:] INFO  com.alibaba.druid.pool.DruidDataSource - {dataSource-1} closing ... 
2020-08-09 20:54:09.854 [SpringContextShutdownHook] [:] INFO  com.alibaba.druid.pool.DruidDataSource - {dataSource-1} closed 
2020-08-09 20:54:18.498 [main] [:] INFO  com.druid.demo.DemoApplication - Starting DemoApplication on localhost.localdomain with PID 8715 (/data/springboot2f/druid/target/classes started by liuhongdi in /data/springboot2f/druid) 
2020-08-09 20:54:18.506 [main] [:] INFO  com.druid.demo.DemoApplication - No active profile set, falling back to default profiles: default 
2020-08-09 20:54:19.626 [main] [:] INFO  org.springframework.boot.web.embedded.tomcat.TomcatWebServer - Tomcat initialized with port(s): 8080 (http) 
2020-08-09 20:54:19.633 [main] [:] INFO  org.apache.coyote.http11.Http11NioProtocol - Initializing ProtocolHandler ["http-nio-8080"] 
2020-08-09 20:54:19.634 [main] [:] INFO  org.apache.catalina.core.StandardService - Starting service [Tomcat] 
2020-08-09 20:54:19.634 [main] [:] INFO  org.apache.catalina.core.StandardEngine - Starting Servlet engine: [Apache Tomcat/9.0.37] 
2020-08-09 20:54:19.695 [main] [:] INFO  org.apache.catalina.core.ContainerBase.[Tomcat].[localhost].[/] - Initializing Spring embedded WebApplicationContext 
2020-08-09 20:54:19.695 [main] [:] INFO  org.springframework.boot.web.servlet.context.ServletWebServerApplicationContext - Root WebApplicationContext: initialization completed in 1158 ms 
2020-08-09 20:54:19.862 [main] [:] INFO  com.alibaba.druid.spring.boot.autoconfigure.DruidDataSourceAutoConfigure - Init DruidDataSource 
2020-08-09 20:54:20.534 [main] [:] INFO  com.alibaba.druid.pool.DruidDataSource - {dataSource-1} inited 
2020-08-09 20:54:20.786 [main] [:] INFO  org.springframework.scheduling.concurrent.ThreadPoolTaskExecutor - Initializing ExecutorService 'applicationTaskExecutor' 
2020-08-09 20:54:21.070 [main] [:] INFO  org.apache.coyote.http11.Http11NioProtocol - Starting ProtocolHandler ["http-nio-8080"] 
2020-08-09 20:54:21.087 [main] [:] INFO  org.springframework.boot.web.embedded.tomcat.TomcatWebServer - Tomcat started on port(s): 8080 (http) with context path '' 
2020-08-09 20:54:21.099 [main] [:] INFO  com.druid.demo.DemoApplication - Started DemoApplication in 3.332 seconds (JVM running for 5.92) 
2020-08-09 20:54:27.104 [http-nio-8080-exec-6] [:] INFO  org.apache.catalina.core.ContainerBase.[Tomcat].[localhost].[/] - Initializing Spring DispatcherServlet 'dispatcherServlet' 
2020-08-09 20:54:27.104 [http-nio-8080-exec-6] [FrameworkServlet.java:525] INFO  org.springframework.web.servlet.DispatcherServlet - Initializing Servlet 'dispatcherServlet' 
2020-08-09 20:54:27.140 [http-nio-8080-exec-6] [FrameworkServlet.java:547] INFO  org.springframework.web.servlet.DispatcherServlet - Completed initialization in 36 ms 
2020-08-09 20:59:02.057 [SpringContextShutdownHook] [:] INFO  org.springframework.scheduling.concurrent.ThreadPoolTaskExecutor - Shutting down ExecutorService 'applicationTaskExecutor' 
2020-08-09 20:59:02.058 [SpringContextShutdownHook] [:] INFO  com.alibaba.druid.pool.DruidDataSource - {dataSource-1} closing ... 
2020-08-09 20:59:02.063 [SpringContextShutdownHook] [:] INFO  com.alibaba.druid.pool.DruidDataSource - {dataSource-1} closed 
2020-08-09 20:59:16.072 [main] [:] INFO  com.druid.demo.DemoApplication - Starting DemoApplication on localhost.localdomain with PID 8969 (/data/springboot2f/druid/target/classes started by liuhongdi in /data/springboot2f/druid) 
2020-08-09 20:59:16.099 [main] [:] INFO  com.druid.demo.DemoApplication - No active profile set, falling back to default profiles: default 
2020-08-09 20:59:17.490 [main] [:] INFO  org.springframework.boot.web.embedded.tomcat.TomcatWebServer - Tomcat initialized with port(s): 8080 (http) 
2020-08-09 20:59:17.499 [main] [:] INFO  org.apache.coyote.http11.Http11NioProtocol - Initializing ProtocolHandler ["http-nio-8080"] 
2020-08-09 20:59:17.499 [main] [:] INFO  org.apache.catalina.core.StandardService - Starting service [Tomcat] 
2020-08-09 20:59:17.500 [main] [:] INFO  org.apache.catalina.core.StandardEngine - Starting Servlet engine: [Apache Tomcat/9.0.37] 
2020-08-09 20:59:17.587 [main] [:] INFO  org.apache.catalina.core.ContainerBase.[Tomcat].[localhost].[/] - Initializing Spring embedded WebApplicationContext 
2020-08-09 20:59:17.587 [main] [:] INFO  org.springframework.boot.web.servlet.context.ServletWebServerApplicationContext - Root WebApplicationContext: initialization completed in 1392 ms 
2020-08-09 20:59:17.780 [main] [:] INFO  com.alibaba.druid.spring.boot.autoconfigure.DruidDataSourceAutoConfigure - Init DruidDataSource 
2020-08-09 20:59:18.778 [main] [:] INFO  com.alibaba.druid.pool.DruidDataSource - {dataSource-1} inited 
2020-08-09 20:59:19.106 [main] [:] INFO  org.springframework.scheduling.concurrent.ThreadPoolTaskExecutor - Initializing ExecutorService 'applicationTaskExecutor' 
2020-08-09 20:59:19.395 [main] [:] INFO  org.apache.coyote.http11.Http11NioProtocol - Starting ProtocolHandler ["http-nio-8080"] 
2020-08-09 20:59:19.431 [main] [:] INFO  org.springframework.boot.web.embedded.tomcat.TomcatWebServer - Tomcat started on port(s): 8080 (http) with context path '' 
2020-08-09 20:59:19.442 [main] [:] INFO  com.druid.demo.DemoApplication - Started DemoApplication in 4.349 seconds (JVM running for 6.786) 
